android/app/build/intermediates/manifest_merge_blame_file/release/processReleaseMainManifest/manifest-merger-blame-release-report.txt
1<?xml version="1.0" encoding="utf-8"?>
2<manifest xmlns:android="http://schemas.android.com/apk/res/android"
3    package="com.farsvpn.app"
4    android:versionCode="2"
5    android:versionName="2.0" >
6
7    <uses-sdk
8        android:minSdkVersion="24"
9        android:targetSdkVersion="36" />
10
11    <!-- Permissions -->
12
13    <uses-permission android:name="android.permission.INTERNET" />
13-->src\main\AndroidManifest.xml:55:5-67
13-->src\main\AndroidManifest.xml:55:22-64
14    <uses-permission android:name="android.permission.FOREGROUND_SERVICE" />
14-->src\main\AndroidManifest.xml:56:5-77
14-->src\main\AndroidManifest.xml:56:22-74
15    <uses-permission android:name="android.permission.FOREGROUND_SERVICE_SPECIAL_USE" />
15-->src\main\AndroidManifest.xml:57:5-89
15-->src\main\AndroidManifest.xml:57:22-86
16    <uses-permission android:name="android.permission.POST_NOTIFICATIONS" />
16-->src\main\AndroidManifest.xml:58:5-77
16-->src\main\AndroidManifest.xml:58:22-74
17    <uses-permission android:name="android.permission.ACCESS_NETWORK_STATE" />
17-->[:capacitor-community-admob] AndroidManifest.xml:7:5-79
17-->[:capacitor-community-admob] AndroidManifest.xml:7:22-76
18    <uses-permission android:name="com.google.android.gms.permission.AD_ID" />
18-->[com.google.android.gms:play-services-ads-api:25.4.0] AndroidManifest.xml:26:5-79
18-->[com.google.android.gms:play-services-ads-api:25.4.0] AndroidManifest.xml:26:22-76
19    <uses-permission android:name="android.permission.ACCESS_ADSERVICES_AD_ID" />
19-->[com.google.android.gms:play-services-ads-api:25.4.0] AndroidManifest.xml:27:5-82
19-->[com.google.android.gms:play-services-ads-api:25.4.0] AndroidManifest.xml:27:22-79
20    <uses-permission android:name="android.permission.ACCESS_ADSERVICES_ATTRIBUTION" />
20-->[com.google.android.gms:play-services-ads-api:25.4.0] AndroidManifest.xml:28:5-88
20-->[com.google.android.gms:play-services-ads-api:25.4.0] AndroidManifest.xml:28:22-85
21    <uses-permission android:name="android.permission.ACCESS_ADSERVICES_TOPICS" /> <!-- Android package visibility setting -->
21-->[com.google.android.gms:play-services-ads-api:25.4.0] AndroidManifest.xml:29:5-83
21-->[com.google.android.gms:play-services-ads-api:25.4.0] AndroidManifest.xml:29:22-80
22    <queries>
22-->[com.google.android.gms:play-services-ads-api:25.4.0] AndroidManifest.xml:35:5-68:15
23
24        <!-- For browser content -->
25        <intent>
25-->[com.google.android.gms:play-services-ads-api:25.4.0] AndroidManifest.xml:38:9-44:18
26            <action android:name="android.intent.action.VIEW" />
26-->[com.google.android.gms:play-services-ads-api:25.4.0] AndroidManifest.xml:39:13-65
26-->[com.google.android.gms:play-services-ads-api:25.4.0] AndroidManifest.xml:39:21-62
27
28            <category android:name="android.intent.category.BROWSABLE" />
28-->[com.google.android.gms:play-services-ads-api:25.4.0] AndroidManifest.xml:41:13-74
28-->[com.google.android.gms:play-services-ads-api:25.4.0] AndroidManifest.xml:41:23-71
29
30            <data android:scheme="https" />
30-->[com.google.android.gms:play-services-ads-api:25.4.0] AndroidManifest.xml:43:13-44
30-->[com.google.android.gms:play-services-ads-api:25.4.0] AndroidManifest.xml:43:19-41
31        </intent>
32        <!-- End of browser content -->
33        <!-- For CustomTabsService -->
34        <intent>
34-->[com.google.android.gms:play-services-ads-api:25.4.0] AndroidManifest.xml:47:9-49:18
35            <action android:name="android.support.customtabs.action.CustomTabsService" />
35-->[com.google.android.gms:play-services-ads-api:25.4.0] AndroidManifest.xml:48:13-90
35-->[com.google.android.gms:play-services-ads-api:25.4.0] AndroidManifest.xml:48:21-87
36        </intent>
37        <!-- End of CustomTabsService -->
38        <!-- For MRAID capabilities -->
39        <intent>
39-->[com.google.android.gms:play-services-ads-api:25.4.0] AndroidManifest.xml:52:9-56:18
40            <action android:name="android.intent.action.INSERT" />
40-->[com.google.android.gms:play-services-ads-api:25.4.0] AndroidManifest.xml:53:13-67
40-->[com.google.android.gms:play-services-ads-api:25.4.0] AndroidManifest.xml:53:21-64
41
42            <data android:mimeType="vnd.android.cursor.dir/event" />
42-->[com.google.android.gms:play-services-ads-api:25.4.0] AndroidManifest.xml:43:13-44
43        </intent>
44        <intent>
44-->[com.google.android.gms:play-services-ads-api:25.4.0] AndroidManifest.xml:57:9-61:18
45            <action android:name="android.intent.action.VIEW" />
45-->[com.google.android.gms:play-services-ads-api:25.4.0] AndroidManifest.xml:39:13-65
45-->[com.google.android.gms:play-services-ads-api:25.4.0] AndroidManifest.xml:39:21-62
46
47            <data android:scheme="sms" />
47-->[com.google.android.gms:play-services-ads-api:25.4.0] AndroidManifest.xml:43:13-44
47-->[com.google.android.gms:play-services-ads-api:25.4.0] AndroidManifest.xml:43:19-41
48        </intent>
49        <intent>
49-->[com.google.android.gms:play-services-ads-api:25.4.0] AndroidManifest.xml:62:9-66:18
50            <action android:name="android.intent.action.DIAL" />
50-->[com.google.android.gms:play-services-ads-api:25.4.0] AndroidManifest.xml:63:13-65
50-->[com.google.android.gms:play-services-ads-api:25.4.0] AndroidManifest.xml:63:21-62
51
52            <data android:path="tel:" />
52-->[com.google.android.gms:play-services-ads-api:25.4.0] AndroidManifest.xml:43:13-44
53        </intent>
54        <!-- End of MRAID capabilities -->
55        <package android:name="com.android.vending" />
55-->[com.google.android.play:hsdp:2.0.1] AndroidManifest.xml:8:9-55
55-->[com.google.android.play:hsdp:2.0.1] AndroidManifest.xml:8:18-52
56    </queries>
57
58    <uses-permission android:name="android.permission.WAKE_LOCK" />
58-->[com.google.android.gms:play-services-measurement-sdk-api:20.1.2] AndroidManifest.xml:25:5-68
58-->[com.google.android.gms:play-services-measurement-sdk-api:20.1.2] AndroidManifest.xml:25:22-65
59
60    <permission
60-->[androidx.core:core:1.17.0] AndroidManifest.xml:22:5-24:47
61        android:name="com.farsvpn.app.DYNAMIC_RECEIVER_NOT_EXPORTED_PERMISSION"
61-->[androidx.core:core:1.17.0] AndroidManifest.xml:23:9-81
62        android:protectionLevel="signature" />
62-->[androidx.core:core:1.17.0] AndroidManifest.xml:24:9-44
63
64    <uses-permission android:name="com.farsvpn.app.DYNAMIC_RECEIVER_NOT_EXPORTED_PERMISSION" />
64-->[androidx.core:core:1.17.0] AndroidManifest.xml:26:5-97
64-->[androidx.core:core:1.17.0] AndroidManifest.xml:26:22-94
65
66    <application
66-->src\main\AndroidManifest.xml:4:5-51:19
67        android:allowBackup="true"
67-->src\main\AndroidManifest.xml:5:9-35
68        android:appComponentFactory="androidx.core.app.CoreComponentFactory"
68-->[androidx.core:core:1.17.0] AndroidManifest.xml:28:18-86
69        android:extractNativeLibs="false"
70        android:icon="@mipmap/ic_launcher"
70-->src\main\AndroidManifest.xml:6:9-43
71        android:label="@string/app_name"
71-->src\main\AndroidManifest.xml:7:9-41
72        android:roundIcon="@mipmap/ic_launcher_round"
72-->src\main\AndroidManifest.xml:8:9-54
73        android:supportsRtl="true"
73-->src\main\AndroidManifest.xml:9:9-35
74        android:theme="@style/AppTheme" >
74-->src\main\AndroidManifest.xml:10:9-40
75        <activity
75-->src\main\AndroidManifest.xml:12:9-25:20
76            android:name="com.farsvpn.app.MainActivity"
76-->src\main\AndroidManifest.xml:14:13-41
77            android:configChanges="orientation|keyboardHidden|keyboard|screenSize|locale|smallestScreenSize|screenLayout|uiMode|navigation|density"
77-->src\main\AndroidManifest.xml:13:13-148
78            android:exported="true"
78-->src\main\AndroidManifest.xml:18:13-36
79            android:label="@string/title_activity_main"
79-->src\main\AndroidManifest.xml:15:13-56
80            android:launchMode="singleTask"
80-->src\main\AndroidManifest.xml:17:13-44
81            android:theme="@style/AppTheme.NoActionBarLaunch" >
81-->src\main\AndroidManifest.xml:16:13-62
82            <intent-filter>
82-->src\main\AndroidManifest.xml:20:13-23:29
83                <action android:name="android.intent.action.MAIN" />
83-->src\main\AndroidManifest.xml:21:17-69
83-->src\main\AndroidManifest.xml:21:25-66
84
85                <category android:name="android.intent.category.LAUNCHER" />
85-->src\main\AndroidManifest.xml:22:17-77
85-->src\main\AndroidManifest.xml:22:27-74
86            </intent-filter>
87        </activity>
88
89        <meta-data
89-->src\main\AndroidManifest.xml:27:9-29:70
90            android:name="com.google.android.gms.ads.APPLICATION_ID"
90-->src\main\AndroidManifest.xml:28:13-69
91            android:value="ca-app-pub-6413679703557985~8357308604" />
91-->src\main\AndroidManifest.xml:29:13-67
92
93        <provider
94            android:name="androidx.core.content.FileProvider"
94-->src\main\AndroidManifest.xml:32:13-62
95            android:authorities="com.farsvpn.app.fileprovider"
95-->src\main\AndroidManifest.xml:33:13-64
96            android:exported="false"
96-->src\main\AndroidManifest.xml:34:13-37
97            android:grantUriPermissions="true" >
97-->src\main\AndroidManifest.xml:35:13-47
98            <meta-data
98-->src\main\AndroidManifest.xml:36:13-38:64
99                android:name="android.support.FILE_PROVIDER_PATHS"
99-->src\main\AndroidManifest.xml:37:17-67
100                android:resource="@xml/file_paths" />
100-->src\main\AndroidManifest.xml:38:17-51
101        </provider>
102
103        <service
103-->src\main\AndroidManifest.xml:41:9-50:19
104            android:name="com.wireguard.android.backend.GoBackend$VpnService"
104-->src\main\AndroidManifest.xml:42:13-78
105            android:exported="false"
105-->src\main\AndroidManifest.xml:45:13-37
106            android:foregroundServiceType="specialUse"
106-->src\main\AndroidManifest.xml:44:13-55
107            android:permission="android.permission.BIND_VPN_SERVICE" >
107-->src\main\AndroidManifest.xml:43:13-69
108            <intent-filter>
108-->src\main\AndroidManifest.xml:46:13-48:29
109                <action android:name="android.net.VpnService" />
109-->src\main\AndroidManifest.xml:47:17-65
109-->src\main\AndroidManifest.xml:47:25-62
110            </intent-filter>
111
112            <property
112-->src\main\AndroidManifest.xml:49:13-104
113                android:name="android.app.PROPERTY_SPECIAL_USE_FGS_SUBTYPE"
113-->src\main\AndroidManifest.xml:49:23-82
114                android:value="vpn" />
114-->src\main\AndroidManifest.xml:49:83-102
115        </service>
116        <!-- Include the AdActivity and InAppPurchaseActivity configChanges and themes. -->
117        <activity
117-->[com.google.android.gms:play-services-ads-api:25.4.0] AndroidManifest.xml:73:9-79:43
118            android:name="com.google.android.gms.ads.AdActivity"
118-->[com.google.android.gms:play-services-ads-api:25.4.0] AndroidManifest.xml:74:13-65
119            android:configChanges="keyboard|keyboardHidden|orientation|screenLayout|uiMode|screenSize|smallestScreenSize"
119-->[com.google.android.gms:play-services-ads-api:25.4.0] AndroidManifest.xml:75:13-122
120            android:enableOnBackInvokedCallback="false"
120-->[com.google.android.gms:play-services-ads-api:25.4.0] AndroidManifest.xml:76:13-56
121            android:exported="false"
121-->[com.google.android.gms:play-services-ads-api:25.4.0] AndroidManifest.xml:77:13-37
122            android:theme="@android:style/Theme.Translucent" />
122-->[com.google.android.gms:play-services-ads-api:25.4.0] AndroidManifest.xml:78:13-61
123
124        <provider
124-->[com.google.android.gms:play-services-ads-api:25.4.0] AndroidManifest.xml:81:9-86:43
125            android:name="com.google.android.gms.ads.MobileAdsInitProvider"
125-->[com.google.android.gms:play-services-ads-api:25.4.0] AndroidManifest.xml:82:13-76
126            android:authorities="com.farsvpn.app.mobileadsinitprovider"
126-->[com.google.android.gms:play-services-ads-api:25.4.0] AndroidManifest.xml:83:13-73
127            android:exported="false"
127-->[com.google.android.gms:play-services-ads-api:25.4.0] AndroidManifest.xml:84:13-37
128            android:initOrder="100" />
128-->[com.google.android.gms:play-services-ads-api:25.4.0] AndroidManifest.xml:85:13-36
129
130        <service
130-->[com.google.android.gms:play-services-ads-api:25.4.0] AndroidManifest.xml:88:9-92:43
131            android:name="com.google.android.gms.ads.AdService"
131-->[com.google.android.gms:play-services-ads-api:25.4.0] AndroidManifest.xml:89:13-64
132            android:enabled="true"
132-->[com.google.android.gms:play-services-ads-api:25.4.0] AndroidManifest.xml:90:13-35
133            android:exported="false" />
133-->[com.google.android.gms:play-services-ads-api:25.4.0] AndroidManifest.xml:91:13-37
134
135        <activity
135-->[com.google.android.gms:play-services-ads-api:25.4.0] AndroidManifest.xml:94:9-98:43
136            android:name="com.google.android.gms.ads.OutOfContextTestingActivity"
136-->[com.google.android.gms:play-services-ads-api:25.4.0] AndroidManifest.xml:95:13-82
137            android:configChanges="keyboard|keyboardHidden|orientation|screenLayout|uiMode|screenSize|smallestScreenSize"
137-->[com.google.android.gms:play-services-ads-api:25.4.0] AndroidManifest.xml:96:13-122
138            android:exported="false" />
138-->[com.google.android.gms:play-services-ads-api:25.4.0] AndroidManifest.xml:97:13-37
139        <activity
139-->[com.google.android.gms:play-services-ads-api:25.4.0] AndroidManifest.xml:99:9-106:43
140            android:name="com.google.android.gms.ads.NotificationHandlerActivity"
140-->[com.google.android.gms:play-services-ads-api:25.4.0] AndroidManifest.xml:100:13-82
141            android:excludeFromRecents="true"
141-->[com.google.android.gms:play-services-ads-api:25.4.0] AndroidManifest.xml:101:13-46
142            android:exported="false"
142-->[com.google.android.gms:play-services-ads-api:25.4.0] AndroidManifest.xml:102:13-37
143            android:launchMode="singleTask"
143-->[com.google.android.gms:play-services-ads-api:25.4.0] AndroidManifest.xml:103:13-44
144            android:taskAffinity=""
144-->[com.google.android.gms:play-services-ads-api:25.4.0] AndroidManifest.xml:104:13-36
145            android:theme="@android:style/Theme.Translucent.NoTitleBar" />
145-->[com.google.android.gms:play-services-ads-api:25.4.0] AndroidManifest.xml:105:13-72
146
147        <meta-data
147-->[com.google.android.gms:play-services-ads-api:25.4.0] AndroidManifest.xml:108:9-110:36
148            android:name="com.google.android.gms.ads.flag.OPTIMIZE_AD_LOADING"
148-->[com.google.android.gms:play-services-ads-api:25.4.0] AndroidManifest.xml:109:13-79
149            android:value="true" />
149-->[com.google.android.gms:play-services-ads-api:25.4.0] AndroidManifest.xml:110:13-33
150        <meta-data
150-->[com.google.android.gms:play-services-ads-api:25.4.0] AndroidManifest.xml:111:9-113:36
151            android:name="com.google.android.gms.ads.flag.OPTIMIZE_INITIALIZATION"
151-->[com.google.android.gms:play-services-ads-api:25.4.0] AndroidManifest.xml:112:13-83
152            android:value="true" />
152-->[com.google.android.gms:play-services-ads-api:25.4.0] AndroidManifest.xml:113:13-33
153
154        <activity
154-->[com.google.android.play:hsdp:2.0.1] AndroidManifest.xml:12:9-19:20
155            android:name="com.google.android.play.core.hsdp.service.HsdpShimActivity"
155-->[com.google.android.play:hsdp:2.0.1] AndroidManifest.xml:13:13-86
156            android:configChanges="orientation|screenSize|screenLayout|keyboardHidden"
156-->[com.google.android.play:hsdp:2.0.1] AndroidManifest.xml:14:13-87
157            android:excludeFromRecents="true"
157-->[com.google.android.play:hsdp:2.0.1] AndroidManifest.xml:15:13-46
158            android:exported="false"
158-->[com.google.android.play:hsdp:2.0.1] AndroidManifest.xml:16:13-37
159            android:launchMode="singleTop"
159-->[com.google.android.play:hsdp:2.0.1] AndroidManifest.xml:17:13-43
160            android:theme="@style/Theme.HsdpServiceTransparent" >
160-->[com.google.android.play:hsdp:2.0.1] AndroidManifest.xml:18:13-64
161        </activity>
162        <activity
162-->[com.google.android.gms:play-services-auth:21.2.0] AndroidManifest.xml:23:9-27:75
163            android:name="com.google.android.gms.auth.api.signin.internal.SignInHubActivity"
163-->[com.google.android.gms:play-services-auth:21.2.0] AndroidManifest.xml:24:13-93
164            android:excludeFromRecents="true"
164-->[com.google.android.gms:play-services-auth:21.2.0] AndroidManifest.xml:25:13-46
165            android:exported="false"
165-->[com.google.android.gms:play-services-auth:21.2.0] AndroidManifest.xml:26:13-37
166            android:theme="@android:style/Theme.Translucent.NoTitleBar" />
166-->[com.google.android.gms:play-services-auth:21.2.0] AndroidManifest.xml:27:13-72
167        <!--
168            Service handling Google Sign-In user revocation. For apps that do not integrate with
169            Google Sign-In, this service will never be started.
170        -->
171        <service
171-->[com.google.android.gms:play-services-auth:21.2.0] AndroidManifest.xml:33:9-37:51
172            android:name="com.google.android.gms.auth.api.signin.RevocationBoundService"
172-->[com.google.android.gms:play-services-auth:21.2.0] AndroidManifest.xml:34:13-89
173            android:exported="true"
173-->[com.google.android.gms:play-services-auth:21.2.0] AndroidManifest.xml:35:13-36
174            android:permission="com.google.android.gms.auth.api.signin.permission.REVOCATION_NOTIFICATION"
174-->[com.google.android.gms:play-services-auth:21.2.0] AndroidManifest.xml:36:13-107
175            android:visibleToInstantApps="true" />
175-->[com.google.android.gms:play-services-auth:21.2.0] AndroidManifest.xml:37:13-48
176
177        <activity
177-->[com.google.android.gms:play-services-base:18.3.0] AndroidManifest.xml:20:9-22:45
178            android:name="com.google.android.gms.common.api.GoogleApiActivity"
178-->[com.google.android.gms:play-services-base:18.3.0] AndroidManifest.xml:20:19-85
179            android:exported="false"
179-->[com.google.android.gms:play-services-base:18.3.0] AndroidManifest.xml:22:19-43
180            android:theme="@android:style/Theme.Translucent.NoTitleBar" />
180-->[com.google.android.gms:play-services-base:18.3.0] AndroidManifest.xml:21:19-78
181
182        <meta-data
182-->[com.google.android.gms:play-services-basement:18.9.0] AndroidManifest.xml:21:9-23:69
183            android:name="com.google.android.gms.version"
183-->[com.google.android.gms:play-services-basement:18.9.0] AndroidManifest.xml:22:13-58
184            android:value="@integer/google_play_services_version" />
184-->[com.google.android.gms:play-services-basement:18.9.0] AndroidManifest.xml:23:13-66
185
186        <provider
186-->[androidx.emoji2:emoji2:1.3.0] AndroidManifest.xml:24:9-32:20
187            android:name="androidx.startup.InitializationProvider"
187-->[androidx.emoji2:emoji2:1.3.0] AndroidManifest.xml:25:13-67
188            android:authorities="com.farsvpn.app.androidx-startup"
188-->[androidx.emoji2:emoji2:1.3.0] AndroidManifest.xml:26:13-68
189            android:exported="false" >
189-->[androidx.emoji2:emoji2:1.3.0] AndroidManifest.xml:27:13-37
190            <meta-data
190-->[androidx.emoji2:emoji2:1.3.0] AndroidManifest.xml:29:13-31:52
191                android:name="androidx.emoji2.text.EmojiCompatInitializer"
191-->[androidx.emoji2:emoji2:1.3.0] AndroidManifest.xml:30:17-75
192                android:value="androidx.startup" />
192-->[androidx.emoji2:emoji2:1.3.0] AndroidManifest.xml:31:17-49
193            <meta-data
193-->[androidx.work:work-runtime:2.7.0] AndroidManifest.xml:36:13-38:52
194                android:name="androidx.work.WorkManagerInitializer"
194-->[androidx.work:work-runtime:2.7.0] AndroidManifest.xml:37:17-68
195                android:value="androidx.startup" />
195-->[androidx.work:work-runtime:2.7.0] AndroidManifest.xml:38:17-49
196            <meta-data
196-->[androidx.lifecycle:lifecycle-process:2.6.2] AndroidManifest.xml:29:13-31:52
197                android:name="androidx.lifecycle.ProcessLifecycleInitializer"
197-->[androidx.lifecycle:lifecycle-process:2.6.2] AndroidManifest.xml:30:17-78
198                android:value="androidx.startup" />
198-->[androidx.lifecycle:lifecycle-process:2.6.2] AndroidManifest.xml:31:17-49
199            <meta-data
199-->[androidx.profileinstaller:profileinstaller:1.4.0] AndroidManifest.xml:29:13-31:52
200                android:name="androidx.profileinstaller.ProfileInstallerInitializer"
200-->[androidx.profileinstaller:profileinstaller:1.4.0] AndroidManifest.xml:30:17-85
201                android:value="androidx.startup" />
201-->[androidx.profileinstaller:profileinstaller:1.4.0] AndroidManifest.xml:31:17-49
202        </provider>
203
204        <uses-library
204-->[androidx.privacysandbox.ads:ads-adservices:1.0.0-beta05] AndroidManifest.xml:23:9-25:40
205            android:name="android.ext.adservices"
205-->[androidx.privacysandbox.ads:ads-adservices:1.0.0-beta05] AndroidManifest.xml:24:13-50
206            android:required="false" />
206-->[androidx.privacysandbox.ads:ads-adservices:1.0.0-beta05] AndroidManifest.xml:25:13-37
207
208        <service
208-->[androidx.work:work-runtime:2.7.0] AndroidManifest.xml:41:9-46:35
209            android:name="androidx.work.impl.background.systemalarm.SystemAlarmService"
209-->[androidx.work:work-runtime:2.7.0] AndroidManifest.xml:42:13-88
210            android:directBootAware="false"
210-->[androidx.work:work-runtime:2.7.0] AndroidManifest.xml:43:13-44
211            android:enabled="@bool/enable_system_alarm_service_default"
211-->[androidx.work:work-runtime:2.7.0] AndroidManifest.xml:44:13-72
212            android:exported="false" />
212-->[androidx.work:work-runtime:2.7.0] AndroidManifest.xml:45:13-37
213        <service
213-->[androidx.work:work-runtime:2.7.0] AndroidManifest.xml:47:9-53:35
214            android:name="androidx.work.impl.background.systemjob.SystemJobService"
214-->[androidx.work:work-runtime:2.7.0] AndroidManifest.xml:48:13-84
215            android:directBootAware="false"
215-->[androidx.work:work-runtime:2.7.0] AndroidManifest.xml:49:13-44
216            android:enabled="@bool/enable_system_job_service_default"
216-->[androidx.work:work-runtime:2.7.0] AndroidManifest.xml:50:13-70
217            android:exported="true"
217-->[androidx.work:work-runtime:2.7.0] AndroidManifest.xml:51:13-36
218            android:permission="android.permission.BIND_JOB_SERVICE" />
218-->[androidx.work:work-runtime:2.7.0] AndroidManifest.xml:52:13-69
219        <service
219-->[androidx.work:work-runtime:2.7.0] AndroidManifest.xml:54:9-59:35
220            android:name="androidx.work.impl.foreground.SystemForegroundService"
220-->[androidx.work:work-runtime:2.7.0] AndroidManifest.xml:55:13-81
221            android:directBootAware="false"
221-->[androidx.work:work-runtime:2.7.0] AndroidManifest.xml:56:13-44
222            android:enabled="@bool/enable_system_foreground_service_default"
222-->[androidx.work:work-runtime:2.7.0] AndroidManifest.xml:57:13-77
223            android:exported="false" />
223-->[androidx.work:work-runtime:2.7.0] AndroidManifest.xml:58:13-37
224
225        <receiver
225-->[androidx.work:work-runtime:2.7.0] AndroidManifest.xml:61:9-66:35
226            android:name="androidx.work.impl.utils.ForceStopRunnable$BroadcastReceiver"
226-->[androidx.work:work-runtime:2.7.0] AndroidManifest.xml:62:13-88
227            android:directBootAware="false"
227-->[androidx.work:work-runtime:2.7.0] AndroidManifest.xml:63:13-44
228            android:enabled="true"
228-->[androidx.work:work-runtime:2.7.0] AndroidManifest.xml:64:13-35
229            android:exported="false" />
229-->[androidx.work:work-runtime:2.7.0] AndroidManifest.xml:65:13-37
230        <receiver
230-->[androidx.work:work-runtime:2.7.0] AndroidManifest.xml:67:9-77:20
231            android:name="androidx.work.impl.background.systemalarm.ConstraintProxy$BatteryChargingProxy"
231-->[androidx.work:work-runtime:2.7.0] AndroidManifest.xml:68:13-106
232            android:directBootAware="false"
232-->[androidx.work:work-runtime:2.7.0] AndroidManifest.xml:69:13-44
233            android:enabled="false"
233-->[androidx.work:work-runtime:2.7.0] AndroidManifest.xml:70:13-36
234            android:exported="false" >
234-->[androidx.work:work-runtime:2.7.0] AndroidManifest.xml:71:13-37
235            <intent-filter>
235-->[androidx.work:work-runtime:2.7.0] AndroidManifest.xml:73:13-76:29
236                <action android:name="android.intent.action.ACTION_POWER_CONNECTED" />
236-->[androidx.work:work-runtime:2.7.0] AndroidManifest.xml:74:17-87
236-->[androidx.work:work-runtime:2.7.0] AndroidManifest.xml:74:25-84
237                <action android:name="android.intent.action.ACTION_POWER_DISCONNECTED" />
237-->[androidx.work:work-runtime:2.7.0] AndroidManifest.xml:75:17-90
237-->[androidx.work:work-runtime:2.7.0] AndroidManifest.xml:75:25-87
238            </intent-filter>
239        </receiver>
240        <receiver
240-->[androidx.work:work-runtime:2.7.0] AndroidManifest.xml:78:9-88:20
241            android:name="androidx.work.impl.background.systemalarm.ConstraintProxy$BatteryNotLowProxy"
241-->[androidx.work:work-runtime:2.7.0] AndroidManifest.xml:79:13-104
242            android:directBootAware="false"
242-->[androidx.work:work-runtime:2.7.0] AndroidManifest.xml:80:13-44
243            android:enabled="false"
243-->[androidx.work:work-runtime:2.7.0] AndroidManifest.xml:81:13-36
244            android:exported="false" >
244-->[androidx.work:work-runtime:2.7.0] AndroidManifest.xml:82:13-37
245            <intent-filter>
245-->[androidx.work:work-runtime:2.7.0] AndroidManifest.xml:84:13-87:29
246                <action android:name="android.intent.action.BATTERY_OKAY" />
246-->[androidx.work:work-runtime:2.7.0] AndroidManifest.xml:85:17-77
246-->[androidx.work:work-runtime:2.7.0] AndroidManifest.xml:85:25-74
247                <action android:name="android.intent.action.BATTERY_LOW" />
247-->[androidx.work:work-runtime:2.7.0] AndroidManifest.xml:86:17-76
247-->[androidx.work:work-runtime:2.7.0] AndroidManifest.xml:86:25-73
248            </intent-filter>
249        </receiver>
250        <receiver
250-->[androidx.work:work-runtime:2.7.0] AndroidManifest.xml:89:9-99:20
251            android:name="androidx.work.impl.background.systemalarm.ConstraintProxy$StorageNotLowProxy"
251-->[androidx.work:work-runtime:2.7.0] AndroidManifest.xml:90:13-104
252            android:directBootAware="false"
252-->[androidx.work:work-runtime:2.7.0] AndroidManifest.xml:91:13-44
253            android:enabled="false"
253-->[androidx.work:work-runtime:2.7.0] AndroidManifest.xml:92:13-36
254            android:exported="false" >
254-->[androidx.work:work-runtime:2.7.0] AndroidManifest.xml:93:13-37
255            <intent-filter>
255-->[androidx.work:work-runtime:2.7.0] AndroidManifest.xml:95:13-98:29
256                <action android:name="android.intent.action.DEVICE_STORAGE_LOW" />
256-->[androidx.work:work-runtime:2.7.0] AndroidManifest.xml:96:17-83
256-->[androidx.work:work-runtime:2.7.0] AndroidManifest.xml:96:25-80
257                <action android:name="android.intent.action.DEVICE_STORAGE_OK" />
257-->[androidx.work:work-runtime:2.7.0] AndroidManifest.xml:97:17-82
257-->[androidx.work:work-runtime:2.7.0] AndroidManifest.xml:97:25-79
258            </intent-filter>
259        </receiver>
260        <receiver
260-->[androidx.work:work-runtime:2.7.0] AndroidManifest.xml:100:9-109:20
261            android:name="androidx.work.impl.background.systemalarm.ConstraintProxy$NetworkStateProxy"
261-->[androidx.work:work-runtime:2.7.0] AndroidManifest.xml:101:13-103
262            android:directBootAware="false"
262-->[androidx.work:work-runtime:2.7.0] AndroidManifest.xml:102:13-44
263            android:enabled="false"
263-->[androidx.work:work-runtime:2.7.0] AndroidManifest.xml:103:13-36
264            android:exported="false" >
264-->[androidx.work:work-runtime:2.7.0] AndroidManifest.xml:104:13-37
265            <intent-filter>
265-->[androidx.work:work-runtime:2.7.0] AndroidManifest.xml:106:13-108:29
266                <action android:name="android.net.conn.CONNECTIVITY_CHANGE" />
266-->[androidx.work:work-runtime:2.7.0] AndroidManifest.xml:107:17-79
266-->[androidx.work:work-runtime:2.7.0] AndroidManifest.xml:107:25-76
267            </intent-filter>
268        </receiver>
269        <receiver
269-->[androidx.work:work-runtime:2.7.0] AndroidManifest.xml:110:9-121:20
270            android:name="androidx.work.impl.background.systemalarm.RescheduleReceiver"
270-->[androidx.work:work-runtime:2.7.0] AndroidManifest.xml:111:13-88
271            android:directBootAware="false"
271-->[androidx.work:work-runtime:2.7.0] AndroidManifest.xml:112:13-44
272            android:enabled="false"
272-->[androidx.work:work-runtime:2.7.0] AndroidManifest.xml:113:13-36
273            android:exported="false" >
273-->[androidx.work:work-runtime:2.7.0] AndroidManifest.xml:114:13-37
274            <intent-filter>
274-->[androidx.work:work-runtime:2.7.0] AndroidManifest.xml:116:13-120:29
275                <action android:name="android.intent.action.BOOT_COMPLETED" />
275-->[androidx.work:work-runtime:2.7.0] AndroidManifest.xml:117:17-79
275-->[androidx.work:work-runtime:2.7.0] AndroidManifest.xml:117:25-76
276                <action android:name="android.intent.action.TIME_SET" />
276-->[androidx.work:work-runtime:2.7.0] AndroidManifest.xml:118:17-73
276-->[androidx.work:work-runtime:2.7.0] AndroidManifest.xml:118:25-70
277                <action android:name="android.intent.action.TIMEZONE_CHANGED" />
277-->[androidx.work:work-runtime:2.7.0] AndroidManifest.xml:119:17-81